[2018-05-29 17:06:49] channel-name.INFO: Hello log! [] []
[2018-05-29 17:07:25] channel-name.INFO: Hello log! [] []
[2018-05-29 17:07:45] channel-name.INFO: Hello log! [] []
[2018-05-29 17:07:45] channel-name.ERROR: Bar [] []
[2018-05-29 17:20:13] channel-name.INFO: Hello log! [] []
[2018-05-29 17:20:13] channel-name.ERROR: Bar [] []
[2018-05-29 17:25:37] channel-name.INFO: Hello log! [] []
[2018-05-29 17:25:37] channel-name.ERROR: Bar [] []
[2018-05-29 18:05:57] channel-name.ERROR: The following methods are ambiguous with gettin protectedVarName(_fullName)  SeasonalWave::(get_fullName) SeasonalWave::(get_fullName) ["/Users/jjrohrer/Sites/EtBreakfast/EtRichData.php",341] []
[2018-05-29 18:06:28] channel-name.ERROR: The following methods are ambiguous with gettin protectedVarName(_fullName) <br> SeasonalWave::(get_fullName)<br> SeasonalWave::(get_fullName) ["/Users/jjrohrer/Sites/EtBreakfast/EtRichData.php",341] []
[2018-05-29 18:26:14] channel-name.ERROR: The following methods are ambiguous with gettin protectedVarName(_fullName) <br> SeasonalWave::(getfullName)<br> SeasonalWave::(getfullName)<br> SeasonalWave::(getfullName)<br> SeasonalWave::(getfullName) ["/Users/jjrohrer/Sites/EtBreakfast/EtRichData.php",350] []
[2018-05-29 18:29:58] channel-name.ERROR: The following methods are ambiguous with gettin protectedVarName(_fullName) <br> SeasonalWave::(getfullName)<br> SeasonalWave::(getfullName)<br> SeasonalWave::(getfullName)<br> SeasonalWave::(getfullName) ["/Users/jjrohrer/Sites/EtBreakfast/EtRichData.php",352] []
[2018-05-29 18:30:11] channel-name.ERROR: The following methods are ambiguous with gettin protectedVarName(_fullName) <br> SeasonalWave::(getfullName)<br> SeasonalWave::(getfullName)<br> SeasonalWave::(getfullName)<br> SeasonalWave::(getfullName) ["/Users/jjrohrer/Sites/EtBreakfast/EtRichData.php",352] []
[2018-05-29 18:31:52] channel-name.ERROR: The following methods are ambiguous with gettin protectedVarName(_fullName) <br> SeasonalWave::(getfullName)<br> SeasonalWave::(getfullName)<br> SeasonalWave::(getfullName)<br> SeasonalWave::(getfullName) ["/Users/jjrohrer/Sites/EtBreakfast/EtRichData.php",337] []
[2018-05-29 18:32:31] channel-name.ERROR: The following methods are ambiguous with gettin protectedVarName(_fullName) <br> SeasonalWave::(getfullName)<br> SeasonalWave::(getfullName)<br> SeasonalWave::(getfullName)<br> SeasonalWave::(getfullName) ["/Users/jjrohrer/Sites/EtBreakfast/EtRichData.php",337] []
[2018-05-29 18:33:50] channel-name.ERROR: The following methods are ambiguous with gettin protectedVarName(_fullName) <br> SeasonalWave::(getfullName)<br> SeasonalWave::(get_fullName)<br> SeasonalWave::(_getfullName)<br> SeasonalWave::(_get_FullName) ["/Users/jjrohrer/Sites/EtBreakfast/EtRichData.php",337] []
[2018-05-29 18:34:26] channel-name.ERROR: The following methods are ambiguous with getting protectedVarName(_fullName), so just pick one. <br> SeasonalWave::(getfullName)<br> SeasonalWave::(get_fullName)<br> SeasonalWave::(_getfullName)<br> SeasonalWave::(_get_FullName) ["/Users/jjrohrer/Sites/EtBreakfast/EtRichData.php",337] []
[2018-05-29 18:34:49] channel-name.ERROR: The following methods are ambiguous with getting protectedVarName(_fullName), so just pick one. <br> SeasonalWave::(getfullName)<br> SeasonalWave::(get_fullName)<br> SeasonalWave::(_getfullName)<br> SeasonalWave::(_get_FullName) ["/Users/jjrohrer/Sites/EtBreakfast/EtRichData.php",337] []
[2018-05-29 18:35:23] channel-name.ERROR: The following methods are ambiguous with getting protectedVarName(_fullName), so just pick one. <br> SeasonalWave::(getfullName)<br> SeasonalWave::(get_fullName)<br> SeasonalWave::(_getfullName)<br> SeasonalWave::(_get_FullName) ["/Users/jjrohrer/Sites/EtBreakfast/EtRichData.php",337] []
[2018-05-29 18:36:00] channel-name.ERROR: The following methods are ambiguous with getting protectedVarName(_fullName), so just pick one. <br> SeasonalWave::(getfullName)<br> SeasonalWave::(get_fullName)<br> SeasonalWave::(_getfullName)<br> SeasonalWave::(_get_FullName) ["/Users/jjrohrer/Sites/EtBreakfast/EtRichData.php",337] []
[2018-05-29 18:46:45] channel-name.ERROR: '_fullName' is a valid RichData var for class SeasonalWave.  ["/Users/jjrohrer/Sites/EtBreakfast/EtRichData.php",380] []
[2018-05-30 21:32:30] channel-name.ERROR: '_fullName' is a not valid RichData var for class SeasonalWave.  ["/Users/jjrohrer/Sites/EtBreakfast/EtRichData.php",380] []
[2018-05-31 01:55:31] channel-name.ERROR: 'firstName' is a not valid RichData var for class SeasonalWave.  ["/Users/jjrohrer/Sites/EtBreakfast/EtRichData.php",405] []
[2018-05-31 01:57:28] channel-name.ERROR: 'firstName' is a not valid RichData var for class SeasonalWave.  ["/Users/jjrohrer/Sites/EtBreakfast/EtRichData.php",407] []
[2018-05-31 02:27:43] channel-name.ERROR: 'firstName' is a not valid RichData var for class SeasonalWave.  ["/Users/jjrohrer/Sites/EtBreakfast/EtRichData.php",305] []
[2018-05-31 02:28:24] channel-name.ERROR: 'firstName' is a not valid RichData var for class SeasonalWave.  ["/Users/jjrohrer/Sites/EtBreakfast/EtRichData.php",305] []
[2018-05-31 02:30:23] channel-name.ERROR: 'firstName' is a not valid RichData var for class SeasonalWave.  ["/Users/jjrohrer/Sites/EtBreakfast/EtRichData.php",305] []
[2018-05-31 02:34:27] channel-name.ERROR: '_fullName' is a not valid RichData var for class SeasonalWave.  ["/Users/jjrohrer/Sites/EtBreakfast/EtRichData.php",310] []
[2018-05-31 02:36:27] channel-name.ERROR: '_fullName' is a not valid RichData var for class SeasonalWave.  ["/Users/jjrohrer/Sites/EtBreakfast/EtRichData.php",310] []
[2018-05-31 02:36:30] channel-name.ERROR: '_fullName' is a not valid RichData var for class SeasonalWave.  ["/Users/jjrohrer/Sites/EtBreakfast/EtRichData.php",310] []
[2018-05-31 02:36:53] channel-name.ERROR: '_fullName' is a not valid RichData var for class SeasonalWave.  ["/Users/jjrohrer/Sites/EtBreakfast/EtRichData.php",310] []
[2018-05-31 02:37:12] channel-name.ERROR: '_fullName' is a not valid RichData var for class SeasonalWave.  ["/Users/jjrohrer/Sites/EtBreakfast/EtRichData.php",310] []
[2018-05-31 02:37:50] channel-name.ERROR: The following methods are ambiguous with getting protectedVarName(_fullName), so just pick one. <br> SeasonalWave::(getfullName)<br> SeasonalWave::(get_fullName)<br> SeasonalWave::(_getfullName)<br> SeasonalWave::(_get_FullName) ["/Users/jjrohrer/Sites/EtBreakfast/EtRichData.php",239] []
[2018-05-31 02:38:06] channel-name.ERROR: '_fullName' is a not valid RichData var for class SeasonalWave.  ["/Users/jjrohrer/Sites/EtBreakfast/EtRichData.php",310] []
[2018-05-31 10:29:57] channel-name.ERROR: The following methods are ambiguous with getting protectedVarName(_fullName), so just pick one. <br> SeasonalWave::(getfullName)<br> SeasonalWave::(get_fullName)<br> SeasonalWave::(_getfullName)<br> SeasonalWave::(_get_FullName) ["/Users/jjrohrer/Sites/EtBreakfast/EtRichData.php",239] []
[2018-05-31 10:30:03] channel-name.ERROR: '_fullName' is a not valid RichData var for class SeasonalWave.  ["/Users/jjrohrer/Sites/EtBreakfast/EtRichData.php",308] []
[2018-05-31 10:41:20] channel-name.ERROR: '_fullName' is a not valid RichData var for class SeasonalWave.  ["/Users/jjrohrer/Sites/EtBreakfast/EtRichData.php",310] []
[2018-05-31 18:43:53] channel-name.ERROR: The following methods are ambiguous with getting protectedVarName(_fullName), so just pick one. <br> SeasonalWave::(getfullName)<br> SeasonalWave::(get_fullName)<br> SeasonalWave::(_getfullName)<br> SeasonalWave::(_get_FullName) ["/Users/jjrohrer/Sites/EtBreakfast/EtRichData.php",270] []
[2018-05-31 18:43:59] channel-name.ERROR: '_fullName' is a not valid RichData var for class SeasonalWave.  ["/Users/jjrohrer/Sites/EtBreakfast/EtRichData.php",378] []
[2018-05-31 18:44:05] channel-name.ERROR: The following methods are ambiguous with getting protectedVarName(_fullName), so just pick one. <br> SeasonalWave::(getfullName)<br> SeasonalWave::(get_fullName)<br> SeasonalWave::(_getfullName)<br> SeasonalWave::(_get_FullName) ["/Users/jjrohrer/Sites/EtBreakfast/EtRichData.php",270] []
